<?xml version="1.0" encoding="UTF-8"?>
<!-- Generated by org.testng.reporters.JUnitXMLReporter -->
<testsuite ignored="0" hostname="DESKTOP-7VO2J7L" failures="4" tests="8" name="ss" time="112.421" errors="0" timestamp="2024-12-03T14:27:34 IST">
  <testcase classname="testCase.Tc001AccountRegistrationTest" name="verify_account_registertion" time="4.839"/>
  <testcase classname="testCase.Tc002_LoginTest" name="verify_login" time="2.382"/>
  <testcase classname="testCase.Tc003_LoginDDT" name="verify_loginDDT" time="12.29">
    <failure type="java.lang.AssertionError" message="expected [true] but found [false]">
      <![CDATA[java.lang.AssertionError: expected [true] but found [false]
at testCase.Tc003_LoginDDT.verify_loginDDT(Tc003_LoginDDT.java:57)
at java.base/java.util.ArrayList.forEach(ArrayList.java:1597)
... Removed 29 stack frames]]>
    </failure>
  </testcase> <!-- verify_loginDDT -->
  <testcase classname="testCase.Tc003_LoginDDT" name="verify_loginDDT" time="12.244">
    <failure type="java.lang.AssertionError" message="expected [true] but found [false]">
      <![CDATA[java.lang.AssertionError: expected [true] but found [false]
at testCase.Tc003_LoginDDT.verify_loginDDT(Tc003_LoginDDT.java:57)
at java.base/java.util.ArrayList.forEach(ArrayList.java:1597)
... Removed 29 stack frames]]>
    </failure>
  </testcase> <!-- verify_loginDDT -->
  <testcase classname="testCase.Tc003_LoginDDT" name="verify_loginDDT" time="12.277">
    <failure type="java.lang.AssertionError" message="expected [true] but found [false]">
      <![CDATA[java.lang.AssertionError: expected [true] but found [false]
at testCase.Tc003_LoginDDT.verify_loginDDT(Tc003_LoginDDT.java:57)
at java.base/java.util.ArrayList.forEach(ArrayList.java:1597)
... Removed 29 stack frames]]>
    </failure>
  </testcase> <!-- verify_loginDDT -->
  <testcase classname="testCase.Tc003_LoginDDT" name="verify_loginDDT" time="15.118"/>
  <testcase classname="testCase.Tc003_LoginDDT" name="verify_loginDDT" time="12.015">
    <failure type="java.lang.AssertionError" message="expected [true] but found [false]">
      <![CDATA[java.lang.AssertionError: expected [true] but found [false]
at testCase.Tc003_LoginDDT.verify_loginDDT(Tc003_LoginDDT.java:57)
at java.base/java.util.ArrayList.forEach(ArrayList.java:1597)
... Removed 29 stack frames]]>
    </failure>
  </testcase> <!-- verify_loginDDT -->
  <testcase classname="testCase.Tc003_LoginDDT" name="verify_loginDDT" time="14.704"/>
</testsuite> <!-- ss -->
